<?xml version="1.0" encoding="UTF-8"?>
<testng-results ignored="0" total="6" passed="6" failed="0" skipped="0">
  <reporter-output>
  </reporter-output>
  <suite started-at="2023-03-30T16:38:48 COT" name="Surefire suite" finished-at="2023-03-30T16:38:48 COT" duration-ms="108">
    <groups>
    </groups>
    <test started-at="2023-03-30T16:38:48 COT" name="Surefire test" finished-at="2023-03-30T16:38:48 COT" duration-ms="108">
      <class name="org.example.BusSizeTest">
        <test-method signature="testOutputFive()[pri:0, instance:org.example.BusSizeTest@a1cdc6d]" started-at="2023-03-30T16:38:48 COT" name="testOutputFive" finished-at="2023-03-30T16:38:48 COT" duration-ms="7" status="PASS">
          <reporter-output>
          </reporter-output>
        </test-method> <!-- testOutputFive -->
        <test-method signature="testOutputFour()[pri:0, instance:org.example.BusSizeTest@a1cdc6d]" started-at="2023-03-30T16:38:48 COT" name="testOutputFour" finished-at="2023-03-30T16:38:48 COT" duration-ms="3" status="PASS">
          <reporter-output>
          </reporter-output>
        </test-method> <!-- testOutputFour -->
        <test-method signature="testOutputOne()[pri:0, instance:org.example.BusSizeTest@a1cdc6d]" started-at="2023-03-30T16:38:48 COT" name="testOutputOne" finished-at="2023-03-30T16:38:48 COT" duration-ms="0" status="PASS">
          <reporter-output>
          </reporter-output>
        </test-method> <!-- testOutputOne -->
        <test-method signature="testOutputSix()[pri:0, instance:org.example.BusSizeTest@a1cdc6d]" started-at="2023-03-30T16:38:48 COT" name="testOutputSix" finished-at="2023-03-30T16:38:48 COT" duration-ms="1" status="PASS">
          <reporter-output>
          </reporter-output>
        </test-method> <!-- testOutputSix -->
        <test-method signature="testOutputThree()[pri:0, instance:org.example.BusSizeTest@a1cdc6d]" started-at="2023-03-30T16:38:48 COT" name="testOutputThree" finished-at="2023-03-30T16:38:48 COT" duration-ms="0" status="PASS">
          <reporter-output>
          </reporter-output>
        </test-method> <!-- testOutputThree -->
        <test-method signature="testOutputTwo()[pri:0, instance:org.example.BusSizeTest@a1cdc6d]" started-at="2023-03-30T16:38:48 COT" name="testOutputTwo" finished-at="2023-03-30T16:38:48 COT" duration-ms="0" status="PASS">
          <reporter-output>
          </reporter-output>
        </test-method> <!-- testOutputTwo -->
      </class> <!-- org.example.BusSizeTest -->
    </test> <!-- Surefire test -->
  </suite> <!-- Surefire suite -->
</testng-results>
