<?xml version="1.0" encoding="UTF-8"?>
<testsuite xmlns:xsi="http://www.w3.org/2001/XMLSchema-instance" xsi:noNamespaceSchemaLocation="https://maven.apache.org/surefire/maven-surefire-plugin/xsd/surefire-test-report-3.0.xsd" version="3.0" name="org.example.BusSizeTest" time="0.621" tests="6" errors="0" skipped="0" failures="0">
  <properties>
[...]
</properties>
  <testcase name="testOutputFive" classname="org.example.BusSizeTest" time="0.031">
    <system-out><![CDATA[Total Passengers: 12
Highest Value: 3
]]></system-out>
    <system-err><![CDATA[SLF4J: Failed to load class "org.slf4j.impl.StaticLoggerBinder".
SLF4J: Defaulting to no-operation (NOP) logger implementation
SLF4J: See http://www.slf4j.org/codes.html#StaticLoggerBinder for further details.
]]></system-err>
  </testcase>
  <testcase name="testOutputFour" classname="org.example.BusSizeTest" time="0.005">
    <system-out><![CDATA[Total Passengers: 9
Highest Value: 3
]]></system-out>
  </testcase>
  <testcase name="testOutputOne" classname="org.example.BusSizeTest" time="0.002">
    <system-out><![CDATA[Total Passengers: 12
Highest Value: 3
]]></system-out>
  </testcase>
  <testcase name="testOutputSix" classname="org.example.BusSizeTest" time="0.002">
    <system-out><![CDATA[Total Passengers: 20
Highest Value: 4
]]></system-out>
  </testcase>
  <testcase name="testOutputThree" classname="org.example.BusSizeTest" time="0.002">
    <system-out><![CDATA[Total Passengers: 6
Highest Value: 2
]]></system-out>
  </testcase>
  <testcase name="testOutputTwo" classname="org.example.BusSizeTest" time="0.002">
    <system-out><![CDATA[Total Passengers: 6
Highest Value: 2
]]></system-out>
  </testcase>
</testsuite>