<?xml version="1.0" encoding="UTF-8"?>
<!-- Generated by org.testng.reporters.JUnitXMLReporter -->
<testsuite ignored="0" hostname="PC-CHR1ST14N" failures="0" tests="6" name="Surefire test" time="0.075" errors="0" timestamp="2023-03-30T18:57:56 COT">
  <testcase classname="org.example.BusSizeTest" name="testOutputFive" time="0.026"/>
  <testcase classname="org.example.BusSizeTest" name="testOutputFour" time="0.001"/>
  <testcase classname="org.example.BusSizeTest" name="testOutputOne" time="0.001"/>
  <testcase classname="org.example.BusSizeTest" name="testOutputSix" time="0.001"/>
  <testcase classname="org.example.BusSizeTest" name="testOutputThree" time="0.0"/>
  <testcase classname="org.example.BusSizeTest" name="testOutputTwo" time="0.0"/>
</testsuite> <!-- Surefire test -->
