<?xml version="1.0" encoding="UTF-8"?>
<!-- Generated by org.testng.reporters.JUnitXMLReporter -->
<testsuite ignored="0" hostname="PC-CHR1ST14N" failures="0" tests="6" name="Surefire test" time="0.113" errors="0" timestamp="2023-03-30T22:24:22 COT">
  <testcase classname="app.BusSizeTest" name="testOutputFive" time="0.035"/>
  <testcase classname="app.BusSizeTest" name="testOutputFour" time="0.001"/>
  <testcase classname="app.BusSizeTest" name="testOutputOne" time="0.001"/>
  <testcase classname="app.BusSizeTest" name="testOutputSix" time="0.002"/>
  <testcase classname="app.BusSizeTest" name="testOutputThree" time="0.001"/>
  <testcase classname="app.BusSizeTest" name="testOutputTwo" time="0.002"/>
</testsuite> <!-- Surefire test -->
